<?xml version="1.0" encoding="UTF-8"?>
<!-- Generated by org.testng.reporters.JUnitReportReporter -->
<testsuite hostname="Neils-MacBook-Pro.local" name="com.yourcompany.SampleSauceTest" tests="4" failures="4" timestamp="27 Apr 2015 20:26:20 GMT" time="136.868" errors="0">
  <testcase name="wikipediaTitleTest" time="27.344" classname="com.yourcompany.SampleSauceTest">
    <failure type="org.openqa.selenium.WebDriverException" message="Not yet implemented. Please help us: http://appium.io/get-involved.html (WARNING: The server did not provide any stacktrace information)
Command duration or timeout: 549 milliseconds
Build info: version: &#039;2.45.0&#039;, revision: &#039;5017cb8e7ca8e37638dc3091b2440b90a1d8686f&#039;, time: &#039;2015-02-27 09:10:26&#039;
System info: host: &#039;Neils-MacBook-Pro.local&#039;, ip: &#039;10.35.4.146&#039;, os.name: &#039;Mac OS X&#039;, os.arch: &#039;x86_64&#039;, os.version: &#039;10.10.2&#039;, java.version: &#039;1.6.0_65&#039;
Session ID: f2826dfbfacb49fdb22921596838899b
Driver info: org.openqa.selenium.remote.RemoteWebDriver
Capabilities [{platform=LINUX, javascriptEnabled=true, hasMetadata=true, browserName=Android, desired={platformVersion=4.3, platformName=Android, deviceName=Android Emulator, proxy={&quot;proxyAutoconfigUrl&quot;:&quot;http://127.0.0.1:19876/pac.js&quot;,&quot;proxyType&quot;:&quot;PAC&quot;}, webdriver.remote.quietExceptions=true}, webdriver.remote.sessionid=f2826dfbfacb49fdb22921596838899b, platformVersion=4.3, databaseEnabled=false, platformName=Android, deviceName=Android Emulator, webStorageEnabled=false, proxy={&quot;proxyAutoconfigUrl&quot;:&quot;http://127.0.0.1:19876/pac.js&quot;,&quot;proxyType&quot;:&quot;PAC&quot;}, webdriver.remote.quietExceptions=true, warnings={}, takesScreenshot=true}]">
      <![CDATA[org.openqa.selenium.WebDriverException: Not yet implemented. Please help us: http://appium.io/get-involved.html (WARNING: The server did not provide any stacktrace information)
Command duration or timeout: 549 milliseconds
Build info: version: '2.45.0', revision: '5017cb8e7ca8e37638dc3091b2440b90a1d8686f', time: '2015-02-27 09:10:26'
System info: host: 'Neils-MacBook-Pro.local', ip: '10.35.4.146', os.name: 'Mac OS X', os.arch: 'x86_64', os.version: '10.10.2', java.version: '1.6.0_65'
Session ID: f2826dfbfacb49fdb22921596838899b
Driver info: org.openqa.selenium.remote.RemoteWebDriver
Capabilities [{platform=LINUX, javascriptEnabled=true, hasMetadata=true, browserName=Android, desired={platformVersion=4.3, platformName=Android, deviceName=Android Emulator, proxy={"proxyAutoconfigUrl":"http://127.0.0.1:19876/pac.js","proxyType":"PAC"}, webdriver.remote.quietExceptions=true}, webdriver.remote.sessionid=f2826dfbfacb49fdb22921596838899b, platformVersion=4.3, databaseEnabled=false, platformName=Android, deviceName=Android Emulator, webStorageEnabled=false, proxy={"proxyAutoconfigUrl":"http://127.0.0.1:19876/pac.js","proxyType":"PAC"}, webdriver.remote.quietExceptions=true, warnings={}, takesScreenshot=true}]
	at sun.reflect.NativeConstructorAccessorImpl.newInstance0(Native Method)
	at sun.reflect.NativeConstructorAccessorImpl.newInstance(NativeConstructorAccessorImpl.java:39)
	at sun.reflect.DelegatingConstructorAccessorImpl.newInstance(DelegatingConstructorAccessorImpl.java:27)
	at java.lang.reflect.Constructor.newInstance(Constructor.java:513)
	at org.openqa.selenium.remote.ErrorHandler.createThrowable(ErrorHandler.java:204)
	at org.openqa.selenium.remote.ErrorHandler.throwIfResponseFailed(ErrorHandler.java:156)
	at org.openqa.selenium.remote.RemoteWebDriver.execute(RemoteWebDriver.java:599)
	at org.openqa.selenium.remote.RemoteWebDriver.get(RemoteWebDriver.java:304)
	at com.yourcompany.SampleSauceTest.wikipediaTitleTest(SampleSauceTest.java:102)
	at sun.reflect.NativeMethodAccessorImpl.invoke0(Native Method)
	at sun.reflect.NativeMethodAccessorImpl.invoke(NativeMethodAccessorImpl.java:39)
	at sun.reflect.DelegatingMethodAccessorImpl.invoke(DelegatingMethodAccessorImpl.java:25)
	at java.lang.reflect.Method.invoke(Method.java:597)
	at org.testng.internal.MethodInvocationHelper.invokeMethod(MethodInvocationHelper.java:84)
	at org.testng.internal.Invoker.invokeMethod(Invoker.java:714)
	at org.testng.internal.Invoker.invokeTestMethod(Invoker.java:901)
	at org.testng.internal.TestMethodWithDataProviderMethodWorker.call(TestMethodWithDataProviderMethodWorker.java:73)
	at org.testng.internal.TestMethodWithDataProviderMethodWorker.call(TestMethodWithDataProviderMethodWorker.java:14)
	at java.util.concurrent.FutureTask$Sync.innerRun(FutureTask.java:303)
	at java.util.concurrent.FutureTask.run(FutureTask.java:138)
	at java.util.concurrent.Executors$RunnableAdapter.call(Executors.java:439)
	at java.util.concurrent.FutureTask$Sync.innerRun(FutureTask.java:303)
	at java.util.concurrent.FutureTask.run(FutureTask.java:138)
	at java.util.concurrent.ThreadPoolExecutor$Worker.runTask(ThreadPoolExecutor.java:895)
	at java.util.concurrent.ThreadPoolExecutor$Worker.run(ThreadPoolExecutor.java:918)
	at java.lang.Thread.run(Thread.java:695)
]]>
    </failure>
  </testcase> <!-- wikipediaTitleTest -->
  <testcase name="wikipediaTitleTest" time="40.761" classname="com.yourcompany.SampleSauceTest">
    <failure type="org.openqa.selenium.WebDriverException" message="Not yet implemented. Please help us: http://appium.io/get-involved.html (WARNING: The server did not provide any stacktrace information)
Command duration or timeout: 586 milliseconds
Build info: version: &#039;2.45.0&#039;, revision: &#039;5017cb8e7ca8e37638dc3091b2440b90a1d8686f&#039;, time: &#039;2015-02-27 09:10:26&#039;
System info: host: &#039;Neils-MacBook-Pro.local&#039;, ip: &#039;10.35.4.146&#039;, os.name: &#039;Mac OS X&#039;, os.arch: &#039;x86_64&#039;, os.version: &#039;10.10.2&#039;, java.version: &#039;1.6.0_65&#039;
Session ID: 45bf37c73df543a898d2355b4f194dd7
Driver info: org.openqa.selenium.remote.RemoteWebDriver
Capabilities [{platform=LINUX, javascriptEnabled=true, hasMetadata=true, browserName=Android, desired={platformVersion=4.4, platformName=Android, deviceName=Google Nexus 7 HD Emulator, proxy={&quot;proxyAutoconfigUrl&quot;:&quot;http://127.0.0.1:19876/pac.js&quot;,&quot;proxyType&quot;:&quot;PAC&quot;}, webdriver.remote.quietExceptions=true}, webdriver.remote.sessionid=45bf37c73df543a898d2355b4f194dd7, platformVersion=4.4, databaseEnabled=false, platformName=Android, deviceName=Google Nexus 7 HD Emulator, webStorageEnabled=false, proxy={&quot;proxyAutoconfigUrl&quot;:&quot;http://127.0.0.1:19876/pac.js&quot;,&quot;proxyType&quot;:&quot;PAC&quot;}, webdriver.remote.quietExceptions=true, warnings={}, takesScreenshot=true}]">
      <![CDATA[org.openqa.selenium.WebDriverException: Not yet implemented. Please help us: http://appium.io/get-involved.html (WARNING: The server did not provide any stacktrace information)
Command duration or timeout: 586 milliseconds
Build info: version: '2.45.0', revision: '5017cb8e7ca8e37638dc3091b2440b90a1d8686f', time: '2015-02-27 09:10:26'
System info: host: 'Neils-MacBook-Pro.local', ip: '10.35.4.146', os.name: 'Mac OS X', os.arch: 'x86_64', os.version: '10.10.2', java.version: '1.6.0_65'
Session ID: 45bf37c73df543a898d2355b4f194dd7
Driver info: org.openqa.selenium.remote.RemoteWebDriver
Capabilities [{platform=LINUX, javascriptEnabled=true, hasMetadata=true, browserName=Android, desired={platformVersion=4.4, platformName=Android, deviceName=Google Nexus 7 HD Emulator, proxy={"proxyAutoconfigUrl":"http://127.0.0.1:19876/pac.js","proxyType":"PAC"}, webdriver.remote.quietExceptions=true}, webdriver.remote.sessionid=45bf37c73df543a898d2355b4f194dd7, platformVersion=4.4, databaseEnabled=false, platformName=Android, deviceName=Google Nexus 7 HD Emulator, webStorageEnabled=false, proxy={"proxyAutoconfigUrl":"http://127.0.0.1:19876/pac.js","proxyType":"PAC"}, webdriver.remote.quietExceptions=true, warnings={}, takesScreenshot=true}]
	at sun.reflect.NativeConstructorAccessorImpl.newInstance0(Native Method)
	at sun.reflect.NativeConstructorAccessorImpl.newInstance(NativeConstructorAccessorImpl.java:39)
	at sun.reflect.DelegatingConstructorAccessorImpl.newInstance(DelegatingConstructorAccessorImpl.java:27)
	at java.lang.reflect.Constructor.newInstance(Constructor.java:513)
	at org.openqa.selenium.remote.ErrorHandler.createThrowable(ErrorHandler.java:204)
	at org.openqa.selenium.remote.ErrorHandler.throwIfResponseFailed(ErrorHandler.java:156)
	at org.openqa.selenium.remote.RemoteWebDriver.execute(RemoteWebDriver.java:599)
	at org.openqa.selenium.remote.RemoteWebDriver.get(RemoteWebDriver.java:304)
	at com.yourcompany.SampleSauceTest.wikipediaTitleTest(SampleSauceTest.java:102)
	at sun.reflect.NativeMethodAccessorImpl.invoke0(Native Method)
	at sun.reflect.NativeMethodAccessorImpl.invoke(NativeMethodAccessorImpl.java:39)
	at sun.reflect.DelegatingMethodAccessorImpl.invoke(DelegatingMethodAccessorImpl.java:25)
	at java.lang.reflect.Method.invoke(Method.java:597)
	at org.testng.internal.MethodInvocationHelper.invokeMethod(MethodInvocationHelper.java:84)
	at org.testng.internal.Invoker.invokeMethod(Invoker.java:714)
	at org.testng.internal.Invoker.invokeTestMethod(Invoker.java:901)
	at org.testng.internal.TestMethodWithDataProviderMethodWorker.call(TestMethodWithDataProviderMethodWorker.java:73)
	at org.testng.internal.TestMethodWithDataProviderMethodWorker.call(TestMethodWithDataProviderMethodWorker.java:14)
	at java.util.concurrent.FutureTask$Sync.innerRun(FutureTask.java:303)
	at java.util.concurrent.FutureTask.run(FutureTask.java:138)
	at java.util.concurrent.Executors$RunnableAdapter.call(Executors.java:439)
	at java.util.concurrent.FutureTask$Sync.innerRun(FutureTask.java:303)
	at java.util.concurrent.FutureTask.run(FutureTask.java:138)
	at java.util.concurrent.ThreadPoolExecutor$Worker.runTask(ThreadPoolExecutor.java:895)
	at java.util.concurrent.ThreadPoolExecutor$Worker.run(ThreadPoolExecutor.java:918)
	at java.lang.Thread.run(Thread.java:695)
]]>
    </failure>
  </testcase> <!-- wikipediaTitleTest -->
  <testcase name="wikipediaSearchTest" time="40.955" classname="com.yourcompany.SampleSauceTest">
    <failure type="org.openqa.selenium.WebDriverException" message="Not yet implemented. Please help us: http://appium.io/get-involved.html (WARNING: The server did not provide any stacktrace information)
Command duration or timeout: 580 milliseconds
Build info: version: &#039;2.45.0&#039;, revision: &#039;5017cb8e7ca8e37638dc3091b2440b90a1d8686f&#039;, time: &#039;2015-02-27 09:10:26&#039;
System info: host: &#039;Neils-MacBook-Pro.local&#039;, ip: &#039;10.35.4.146&#039;, os.name: &#039;Mac OS X&#039;, os.arch: &#039;x86_64&#039;, os.version: &#039;10.10.2&#039;, java.version: &#039;1.6.0_65&#039;
Session ID: d1a371faa9884608b1e5e6053928ef74
Driver info: org.openqa.selenium.remote.RemoteWebDriver
Capabilities [{platform=LINUX, javascriptEnabled=true, hasMetadata=true, browserName=Android, desired={platformVersion=4.4, platformName=Android, deviceName=Google Nexus 7 HD Emulator, proxy={&quot;proxyAutoconfigUrl&quot;:&quot;http://127.0.0.1:19876/pac.js&quot;,&quot;proxyType&quot;:&quot;PAC&quot;}, webdriver.remote.quietExceptions=true}, webdriver.remote.sessionid=d1a371faa9884608b1e5e6053928ef74, platformVersion=4.4, databaseEnabled=false, platformName=Android, deviceName=Google Nexus 7 HD Emulator, webStorageEnabled=false, proxy={&quot;proxyAutoconfigUrl&quot;:&quot;http://127.0.0.1:19876/pac.js&quot;,&quot;proxyType&quot;:&quot;PAC&quot;}, webdriver.remote.quietExceptions=true, warnings={}, takesScreenshot=true}]">
      <![CDATA[org.openqa.selenium.WebDriverException: Not yet implemented. Please help us: http://appium.io/get-involved.html (WARNING: The server did not provide any stacktrace information)
Command duration or timeout: 580 milliseconds
Build info: version: '2.45.0', revision: '5017cb8e7ca8e37638dc3091b2440b90a1d8686f', time: '2015-02-27 09:10:26'
System info: host: 'Neils-MacBook-Pro.local', ip: '10.35.4.146', os.name: 'Mac OS X', os.arch: 'x86_64', os.version: '10.10.2', java.version: '1.6.0_65'
Session ID: d1a371faa9884608b1e5e6053928ef74
Driver info: org.openqa.selenium.remote.RemoteWebDriver
Capabilities [{platform=LINUX, javascriptEnabled=true, hasMetadata=true, browserName=Android, desired={platformVersion=4.4, platformName=Android, deviceName=Google Nexus 7 HD Emulator, proxy={"proxyAutoconfigUrl":"http://127.0.0.1:19876/pac.js","proxyType":"PAC"}, webdriver.remote.quietExceptions=true}, webdriver.remote.sessionid=d1a371faa9884608b1e5e6053928ef74, platformVersion=4.4, databaseEnabled=false, platformName=Android, deviceName=Google Nexus 7 HD Emulator, webStorageEnabled=false, proxy={"proxyAutoconfigUrl":"http://127.0.0.1:19876/pac.js","proxyType":"PAC"}, webdriver.remote.quietExceptions=true, warnings={}, takesScreenshot=true}]
	at sun.reflect.NativeConstructorAccessorImpl.newInstance0(Native Method)
	at sun.reflect.NativeConstructorAccessorImpl.newInstance(NativeConstructorAccessorImpl.java:39)
	at sun.reflect.DelegatingConstructorAccessorImpl.newInstance(DelegatingConstructorAccessorImpl.java:27)
	at java.lang.reflect.Constructor.newInstance(Constructor.java:513)
	at org.openqa.selenium.remote.ErrorHandler.createThrowable(ErrorHandler.java:204)
	at org.openqa.selenium.remote.ErrorHandler.throwIfResponseFailed(ErrorHandler.java:156)
	at org.openqa.selenium.remote.RemoteWebDriver.execute(RemoteWebDriver.java:599)
	at org.openqa.selenium.remote.RemoteWebDriver.get(RemoteWebDriver.java:304)
	at com.yourcompany.SampleSauceTest.wikipediaSearchTest(SampleSauceTest.java:118)
	at sun.reflect.NativeMethodAccessorImpl.invoke0(Native Method)
	at sun.reflect.NativeMethodAccessorImpl.invoke(NativeMethodAccessorImpl.java:39)
	at sun.reflect.DelegatingMethodAccessorImpl.invoke(DelegatingMethodAccessorImpl.java:25)
	at java.lang.reflect.Method.invoke(Method.java:597)
	at org.testng.internal.MethodInvocationHelper.invokeMethod(MethodInvocationHelper.java:84)
	at org.testng.internal.Invoker.invokeMethod(Invoker.java:714)
	at org.testng.internal.Invoker.invokeTestMethod(Invoker.java:901)
	at org.testng.internal.TestMethodWithDataProviderMethodWorker.call(TestMethodWithDataProviderMethodWorker.java:73)
	at org.testng.internal.TestMethodWithDataProviderMethodWorker.call(TestMethodWithDataProviderMethodWorker.java:14)
	at java.util.concurrent.FutureTask$Sync.innerRun(FutureTask.java:303)
	at java.util.concurrent.FutureTask.run(FutureTask.java:138)
	at java.util.concurrent.Executors$RunnableAdapter.call(Executors.java:439)
	at java.util.concurrent.FutureTask$Sync.innerRun(FutureTask.java:303)
	at java.util.concurrent.FutureTask.run(FutureTask.java:138)
	at java.util.concurrent.ThreadPoolExecutor$Worker.runTask(ThreadPoolExecutor.java:895)
	at java.util.concurrent.ThreadPoolExecutor$Worker.run(ThreadPoolExecutor.java:918)
	at java.lang.Thread.run(Thread.java:695)
]]>
    </failure>
  </testcase> <!-- wikipediaSearchTest -->
  <testcase name="wikipediaSearchTest" time="27.808" classname="com.yourcompany.SampleSauceTest">
    <failure type="org.openqa.selenium.WebDriverException" message="Not yet implemented. Please help us: http://appium.io/get-involved.html (WARNING: The server did not provide any stacktrace information)
Command duration or timeout: 677 milliseconds
Build info: version: &#039;2.45.0&#039;, revision: &#039;5017cb8e7ca8e37638dc3091b2440b90a1d8686f&#039;, time: &#039;2015-02-27 09:10:26&#039;
System info: host: &#039;Neils-MacBook-Pro.local&#039;, ip: &#039;10.35.4.146&#039;, os.name: &#039;Mac OS X&#039;, os.arch: &#039;x86_64&#039;, os.version: &#039;10.10.2&#039;, java.version: &#039;1.6.0_65&#039;
Session ID: 27ee12447370495cbe5a1bc5964390ed
Driver info: org.openqa.selenium.remote.RemoteWebDriver
Capabilities [{platform=LINUX, javascriptEnabled=true, hasMetadata=true, browserName=Android, desired={platformVersion=4.3, platformName=Android, deviceName=Android Emulator, proxy={&quot;proxyAutoconfigUrl&quot;:&quot;http://127.0.0.1:19876/pac.js&quot;,&quot;proxyType&quot;:&quot;PAC&quot;}, webdriver.remote.quietExceptions=true}, webdriver.remote.sessionid=27ee12447370495cbe5a1bc5964390ed, platformVersion=4.3, databaseEnabled=false, platformName=Android, deviceName=Android Emulator, webStorageEnabled=false, proxy={&quot;proxyAutoconfigUrl&quot;:&quot;http://127.0.0.1:19876/pac.js&quot;,&quot;proxyType&quot;:&quot;PAC&quot;}, webdriver.remote.quietExceptions=true, warnings={}, takesScreenshot=true}]">
      <![CDATA[org.openqa.selenium.WebDriverException: Not yet implemented. Please help us: http://appium.io/get-involved.html (WARNING: The server did not provide any stacktrace information)
Command duration or timeout: 677 milliseconds
Build info: version: '2.45.0', revision: '5017cb8e7ca8e37638dc3091b2440b90a1d8686f', time: '2015-02-27 09:10:26'
System info: host: 'Neils-MacBook-Pro.local', ip: '10.35.4.146', os.name: 'Mac OS X', os.arch: 'x86_64', os.version: '10.10.2', java.version: '1.6.0_65'
Session ID: 27ee12447370495cbe5a1bc5964390ed
Driver info: org.openqa.selenium.remote.RemoteWebDriver
Capabilities [{platform=LINUX, javascriptEnabled=true, hasMetadata=true, browserName=Android, desired={platformVersion=4.3, platformName=Android, deviceName=Android Emulator, proxy={"proxyAutoconfigUrl":"http://127.0.0.1:19876/pac.js","proxyType":"PAC"}, webdriver.remote.quietExceptions=true}, webdriver.remote.sessionid=27ee12447370495cbe5a1bc5964390ed, platformVersion=4.3, databaseEnabled=false, platformName=Android, deviceName=Android Emulator, webStorageEnabled=false, proxy={"proxyAutoconfigUrl":"http://127.0.0.1:19876/pac.js","proxyType":"PAC"}, webdriver.remote.quietExceptions=true, warnings={}, takesScreenshot=true}]
	at sun.reflect.NativeConstructorAccessorImpl.newInstance0(Native Method)
	at sun.reflect.NativeConstructorAccessorImpl.newInstance(NativeConstructorAccessorImpl.java:39)
	at sun.reflect.DelegatingConstructorAccessorImpl.newInstance(DelegatingConstructorAccessorImpl.java:27)
	at java.lang.reflect.Constructor.newInstance(Constructor.java:513)
	at org.openqa.selenium.remote.ErrorHandler.createThrowable(ErrorHandler.java:204)
	at org.openqa.selenium.remote.ErrorHandler.throwIfResponseFailed(ErrorHandler.java:156)
	at org.openqa.selenium.remote.RemoteWebDriver.execute(RemoteWebDriver.java:599)
	at org.openqa.selenium.remote.RemoteWebDriver.get(RemoteWebDriver.java:304)
	at com.yourcompany.SampleSauceTest.wikipediaSearchTest(SampleSauceTest.java:118)
	at sun.reflect.NativeMethodAccessorImpl.invoke0(Native Method)
	at sun.reflect.NativeMethodAccessorImpl.invoke(NativeMethodAccessorImpl.java:39)
	at sun.reflect.DelegatingMethodAccessorImpl.invoke(DelegatingMethodAccessorImpl.java:25)
	at java.lang.reflect.Method.invoke(Method.java:597)
	at org.testng.internal.MethodInvocationHelper.invokeMethod(MethodInvocationHelper.java:84)
	at org.testng.internal.Invoker.invokeMethod(Invoker.java:714)
	at org.testng.internal.Invoker.invokeTestMethod(Invoker.java:901)
	at org.testng.internal.TestMethodWithDataProviderMethodWorker.call(TestMethodWithDataProviderMethodWorker.java:73)
	at org.testng.internal.TestMethodWithDataProviderMethodWorker.call(TestMethodWithDataProviderMethodWorker.java:14)
	at java.util.concurrent.FutureTask$Sync.innerRun(FutureTask.java:303)
	at java.util.concurrent.FutureTask.run(FutureTask.java:138)
	at java.util.concurrent.Executors$RunnableAdapter.call(Executors.java:439)
	at java.util.concurrent.FutureTask$Sync.innerRun(FutureTask.java:303)
	at java.util.concurrent.FutureTask.run(FutureTask.java:138)
	at java.util.concurrent.ThreadPoolExecutor$Worker.runTask(ThreadPoolExecutor.java:895)
	at java.util.concurrent.ThreadPoolExecutor$Worker.run(ThreadPoolExecutor.java:918)
	at java.lang.Thread.run(Thread.java:695)
]]>
    </failure>
  </testcase> <!-- wikipediaSearchTest -->
</testsuite> <!-- com.yourcompany.SampleSauceTest -->
